GAS LISTING C:\Users\ADMINI~1\AppData\Local\Temp/ccem5FEo.s 			page 1


   1               		.file	"main.c"
   2               	__SREG__ = 0x3f
   3               	__SP_H__ = 0x3e
   4               	__SP_L__ = 0x3d
   5               	__CCP__  = 0x34
   6               	__tmp_reg__ = 0
   7               	__zero_reg__ = 1
   8               		.section	.debug_abbrev,"",@progbits
   9               	.Ldebug_abbrev0:
  10               		.section	.debug_info,"",@progbits
  11               	.Ldebug_info0:
  12               		.section	.debug_line,"",@progbits
  13               	.Ldebug_line0:
  14               		.text
  15               	.Ltext0:
  16               	.global	blink
  17               		.type	blink, @function
  18               	blink:
  19               	.LFB7:
  20               	.LM1:
  21               	/* prologue: function */
  22               	/* frame size = 0 */
  23               	.LM2:
  24 0000 8091 0000 		lds r24,count
  25 0004 9091 0000 		lds r25,(count)+1
  26 0008 0197      		sbiw r24,1
  27 000a 9093 0000 		sts (count)+1,r25
  28 000e 8093 0000 		sts count,r24
  29 0012 892B      		or r24,r25
  30 0014 01F4      		brne .L3
  31               	.LM3:
  32 0016 88B3      		in r24,56-32
  33 0018 90E1      		ldi r25,lo8(16)
  34 001a 8927      		eor r24,r25
  35 001c 88BB      		out 56-32,r24
  36               	.LM4:
  37 001e 88B3      		in r24,56-32
  38 0020 92E0      		ldi r25,lo8(2)
  39 0022 8927      		eor r24,r25
  40 0024 88BB      		out 56-32,r24
  41               	.L3:
  42 0026 0895      		ret
  43               	.LFE7:
  44               		.size	blink, .-blink
  45               	.global	i2cSlaveReceiveService
  46               		.type	i2cSlaveReceiveService, @function
  47               	i2cSlaveReceiveService:
  48               	.LFB6:
  49               	.LM5:
  50               	.LVL0:
  51               	/* prologue: function */
  52               	/* frame size = 0 */
  53 0028 282F      		mov r18,r24
  54 002a DB01      		movw r26,r22
  55               	.LM6:
  56 002c 90E0      		ldi r25,lo8(0)
  57               	.LVL1:
GAS LISTING C:\Users\ADMINI~1\AppData\Local\Temp/ccem5FEo.s 			page 2


  58 002e 00C0      		rjmp .L5
  59               	.LVL2:
  60               	.L6:
  61               	.LM7:
  62 0030 E92F      		mov r30,r25
  63 0032 F0E0      		ldi r31,lo8(0)
  64 0034 E050      		subi r30,lo8(-(localBuffer))
  65 0036 F040      		sbci r31,hi8(-(localBuffer))
  66               	.LVL3:
  67 0038 8D91      		ld r24,X+
  68 003a 8083      		st Z,r24
  69               	.LM8:
  70 003c 9F5F      		subi r25,lo8(-(1))
  71               	.LVL4:
  72               	.L5:
  73 003e 9217      		cp r25,r18
  74 0040 00F0      		brlo .L6
  75               	.LM9:
  76 0042 2093 0000 		sts localBufferLength,r18
  77               	.LM10:
  78 0046 80E0      		ldi r24,lo8(localBuffer)
  79 0048 90E0      		ldi r25,hi8(localBuffer)
  80 004a 622F      		mov r22,r18
  81 004c 70E0      		ldi r23,lo8(0)
  82 004e 00D0      		rcall ws2812_sendarray
  83               	.LVL5:
  84               	/* epilogue start */
  85               	.LM11:
  86 0050 0895      		ret
  87               	.LFE6:
  88               		.size	i2cSlaveReceiveService, .-i2cSlaveReceiveService
  89               	.global	main
  90               		.type	main, @function
  91               	main:
  92               	.LFB8:
  93               	.LM12:
  94               	/* prologue: function */
  95               	/* frame size = 0 */
  96               	.LM13:
  97 0052 80E8      		ldi r24,lo8(-128)
  98 0054 86BD      		out 70-32,r24
  99               	.LM14:
 100 0056 16BC      		out 70-32,__zero_reg__
 101               	.LM15:
 102 0058 87B3      		in r24,55-32
 103 005a 8261      		ori r24,lo8(18)
 104 005c 87BB      		out 55-32,r24
 105               	.LM16:
 106 005e 88B3      		in r24,56-32
 107 0060 8261      		ori r24,lo8(18)
 108 0062 88BB      		out 56-32,r24
 109               	.LM17:
 110 0064 87B3      		in r24,55-32
 111 0066 8A61      		ori r24,lo8(26)
 112 0068 87BB      		out 55-32,r24
 113               	.LM18:
 114 006a 80EB      		ldi r24,lo8(-80)
GAS LISTING C:\Users\ADMINI~1\AppData\Local\Temp/ccem5FEo.s 			page 3


 115 006c 00D0      		rcall i2c_initialize
 116               	.LM19:
 117 006e 83E0      		ldi r24,lo8(3)
 118 0070 00D0      		rcall initWs2812
 119               	.LM20:
 120               	/* #APP */
 121               	 ;  100 "main.c" 1
 122 0072 7894      		sei
 123               	 ;  0 "" 2
 124               	/* #NOAPP */
 125 0074 80E0      		ldi r24,lo8(0)
 126 0076 90E0      		ldi r25,hi8(0)
 127               	.LM21:
 128 0078 2AEF      		ldi r18,lo8(-6)
 129               	.L9:
 130               	.LM22:
 131 007a FC01      		movw r30,r24
 132 007c E050      		subi r30,lo8(-(i2c_wrbuf))
 133 007e F040      		sbci r31,hi8(-(i2c_wrbuf))
 134 0080 1082      		st Z,__zero_reg__
 135               	.LM23:
 136 0082 1182      		std Z+1,__zero_reg__
 137               	.LM24:
 138 0084 2283      		std Z+2,r18
 139 0086 0396      		adiw r24,3
 140               	.LM25:
 141 0088 8C33      		cpi r24,60
 142 008a 9105      		cpc r25,__zero_reg__
 143 008c 01F4      		brne .L9
 144               	.LM26:
 145 008e 8DE2      		ldi r24,lo8(45)
 146 0090 8093 0000 		sts i2c_wrlen,r24
 147               	.LM27:
 148 0094 8091 0000 		lds r24,i2c_wrlen
 149 0098 60E0      		ldi r22,lo8(i2c_wrbuf)
 150 009a 70E0      		ldi r23,hi8(i2c_wrbuf)
 151 009c 00D0      		rcall i2cSlaveReceiveService
 152               	.LM28:
 153 009e 00D0      		rcall i2c_message_done
 154               	.LM29:
 155 00a0 00D0      		rcall blink
 156               	.LM30:
 157 00a2 80E0      		ldi r24,lo8(0)
 158 00a4 90E0      		ldi r25,hi8(0)
 159               	/* epilogue start */
 160 00a6 0895      		ret
 161               	.LFE8:
 162               		.size	main, .-main
 163               	.global	localBufferLength
 164               		.data
 165               		.type	localBufferLength, @object
 166               		.size	localBufferLength, 1
 167               	localBufferLength:
 168 0000 2C        		.byte	44
 169               		.comm localBuffer,300,1
 170               		.comm count,2,1
 171               		.section	.debug_frame,"",@progbits
GAS LISTING C:\Users\ADMINI~1\AppData\Local\Temp/ccem5FEo.s 			page 4


 172               	.Lframe0:
 173 0000 0C00 0000 		.long	.LECIE0-.LSCIE0
 174               	.LSCIE0:
 175 0004 FFFF FFFF 		.long	0xffffffff
 176 0008 01        		.byte	0x1
 177 0009 00        		.string	""
 178 000a 01        		.uleb128 0x1
 179 000b 7F        		.sleb128 -1
 180 000c 24        		.byte	0x24
 181 000d 0C        		.byte	0xc
 182 000e 20        		.uleb128 0x20
 183 000f 00        		.uleb128 0x0
 184               		.p2align	2
 185               	.LECIE0:
 186               	.LSFDE0:
 187 0010 0C00 0000 		.long	.LEFDE0-.LASFDE0
 188               	.LASFDE0:
 189 0014 0000 0000 		.long	.Lframe0
 190 0018 0000 0000 		.long	.LFB7
 191 001c 2800 0000 		.long	.LFE7-.LFB7
 192               		.p2align	2
 193               	.LEFDE0:
 194               	.LSFDE2:
 195 0020 0C00 0000 		.long	.LEFDE2-.LASFDE2
 196               	.LASFDE2:
 197 0024 0000 0000 		.long	.Lframe0
 198 0028 0000 0000 		.long	.LFB6
 199 002c 2A00 0000 		.long	.LFE6-.LFB6
 200               		.p2align	2
 201               	.LEFDE2:
 202               	.LSFDE4:
 203 0030 0C00 0000 		.long	.LEFDE4-.LASFDE4
 204               	.LASFDE4:
 205 0034 0000 0000 		.long	.Lframe0
 206 0038 0000 0000 		.long	.LFB8
 207 003c 5600 0000 		.long	.LFE8-.LFB8
 208               		.p2align	2
 209               	.LEFDE4:
 210               		.text
 211               	.Letext0:
 212               		.section	.debug_loc,"",@progbits
 213               	.Ldebug_loc0:
 214               	.LLST2:
 215 0000 2800 0000 		.long	.LVL0-.Ltext0
 216 0004 3000 0000 		.long	.LVL2-.Ltext0
 217 0008 0100      		.word	0x1
 218 000a 68        		.byte	0x68
 219 000b 3000 0000 		.long	.LVL2-.Ltext0
 220 000f 5000 0000 		.long	.LVL5-.Ltext0
 221 0013 0100      		.word	0x1
 222 0015 62        		.byte	0x62
 223 0016 0000 0000 		.long	0x0
 224 001a 0000 0000 		.long	0x0
 225               	.LLST3:
 226 001e 2800 0000 		.long	.LVL0-.Ltext0
 227 0022 3000 0000 		.long	.LVL2-.Ltext0
 228 0026 0600      		.word	0x6
GAS LISTING C:\Users\ADMINI~1\AppData\Local\Temp/ccem5FEo.s 			page 5


 229 0028 66        		.byte	0x66
 230 0029 93        		.byte	0x93
 231 002a 01        		.uleb128 0x1
 232 002b 67        		.byte	0x67
 233 002c 93        		.byte	0x93
 234 002d 01        		.uleb128 0x1
 235 002e 3000 0000 		.long	.LVL2-.Ltext0
 236 0032 5000 0000 		.long	.LVL5-.Ltext0
 237 0036 0600      		.word	0x6
 238 0038 6A        		.byte	0x6a
 239 0039 93        		.byte	0x93
 240 003a 01        		.uleb128 0x1
 241 003b 6B        		.byte	0x6b
 242 003c 93        		.byte	0x93
 243 003d 01        		.uleb128 0x1
 244 003e 0000 0000 		.long	0x0
 245 0042 0000 0000 		.long	0x0
 246               	.LLST4:
 247 0046 2E00 0000 		.long	.LVL1-.Ltext0
 248 004a 3000 0000 		.long	.LVL2-.Ltext0
 249 004e 0100      		.word	0x1
 250 0050 69        		.byte	0x69
 251 0051 3000 0000 		.long	.LVL2-.Ltext0
 252 0055 3800 0000 		.long	.LVL3-.Ltext0
 253 0059 0600      		.word	0x6
 254 005b 69        		.byte	0x69
 255 005c 93        		.byte	0x93
 256 005d 01        		.uleb128 0x1
 257 005e 6F        		.byte	0x6f
 258 005f 93        		.byte	0x93
 259 0060 01        		.uleb128 0x1
 260 0061 3800 0000 		.long	.LVL3-.Ltext0
 261 0065 3E00 0000 		.long	.LVL4-.Ltext0
 262 0069 0600      		.word	0x6
 263 006b 6E        		.byte	0x6e
 264 006c 93        		.byte	0x93
 265 006d 01        		.uleb128 0x1
 266 006e 6F        		.byte	0x6f
 267 006f 93        		.byte	0x93
 268 0070 01        		.uleb128 0x1
 269 0071 3E00 0000 		.long	.LVL4-.Ltext0
 270 0075 5000 0000 		.long	.LVL5-.Ltext0
 271 0079 0600      		.word	0x6
 272 007b 69        		.byte	0x69
 273 007c 93        		.byte	0x93
 274 007d 01        		.uleb128 0x1
 275 007e 6F        		.byte	0x6f
 276 007f 93        		.byte	0x93
 277 0080 01        		.uleb128 0x1
 278 0081 0000 0000 		.long	0x0
 279 0085 0000 0000 		.long	0x0
 280               		.section	.debug_info
 281 0000 6201 0000 		.long	0x162
 282 0004 0200      		.word	0x2
 283 0006 0000 0000 		.long	.Ldebug_abbrev0
 284 000a 04        		.byte	0x4
 285 000b 01        		.uleb128 0x1
GAS LISTING C:\Users\ADMINI~1\AppData\Local\Temp/ccem5FEo.s 			page 6


 286 000c 0000 0000 		.long	.LASF15
 287 0010 01        		.byte	0x1
 288 0011 0000 0000 		.long	.LASF16
 289 0015 0000 0000 		.long	.LASF17
 290 0019 0000 0000 		.long	.Ltext0
 291 001d 0000 0000 		.long	.Letext0
 292 0021 0000 0000 		.long	.Ldebug_line0
 293 0025 02        		.uleb128 0x2
 294 0026 01        		.byte	0x1
 295 0027 06        		.byte	0x6
 296 0028 0000 0000 		.long	.LASF0
 297 002c 03        		.uleb128 0x3
 298 002d 0000 0000 		.long	.LASF18
 299 0031 03        		.byte	0x3
 300 0032 7A        		.byte	0x7a
 301 0033 3700 0000 		.long	0x37
 302 0037 02        		.uleb128 0x2
 303 0038 01        		.byte	0x1
 304 0039 08        		.byte	0x8
 305 003a 0000 0000 		.long	.LASF1
 306 003e 04        		.uleb128 0x4
 307 003f 02        		.byte	0x2
 308 0040 05        		.byte	0x5
 309 0041 696E 7400 		.string	"int"
 310 0045 02        		.uleb128 0x2
 311 0046 02        		.byte	0x2
 312 0047 07        		.byte	0x7
 313 0048 0000 0000 		.long	.LASF2
 314 004c 02        		.uleb128 0x2
 315 004d 04        		.byte	0x4
 316 004e 05        		.byte	0x5
 317 004f 0000 0000 		.long	.LASF3
 318 0053 02        		.uleb128 0x2
 319 0054 04        		.byte	0x4
 320 0055 07        		.byte	0x7
 321 0056 0000 0000 		.long	.LASF4
 322 005a 02        		.uleb128 0x2
 323 005b 08        		.byte	0x8
 324 005c 05        		.byte	0x5
 325 005d 0000 0000 		.long	.LASF5
 326 0061 02        		.uleb128 0x2
 327 0062 08        		.byte	0x8
 328 0063 07        		.byte	0x7
 329 0064 0000 0000 		.long	.LASF6
 330 0068 05        		.uleb128 0x5
 331 0069 01        		.byte	0x1
 332 006a 0000 0000 		.long	.LASF19
 333 006e 01        		.byte	0x1
 334 006f 4A        		.byte	0x4a
 335 0070 01        		.byte	0x1
 336 0071 0000 0000 		.long	.LFB7
 337 0075 0000 0000 		.long	.LFE7
 338 0079 02        		.byte	0x2
 339 007a 90        		.byte	0x90
 340 007b 20        		.uleb128 0x20
 341 007c 06        		.uleb128 0x6
 342 007d 01        		.byte	0x1
GAS LISTING C:\Users\ADMINI~1\AppData\Local\Temp/ccem5FEo.s 			page 7


 343 007e 0000 0000 		.long	.LASF20
 344 0082 01        		.byte	0x1
 345 0083 1B        		.byte	0x1b
 346 0084 01        		.byte	0x1
 347 0085 0000 0000 		.long	.LFB6
 348 0089 0000 0000 		.long	.LFE6
 349 008d 02        		.byte	0x2
 350 008e 90        		.byte	0x90
 351 008f 20        		.uleb128 0x20
 352 0090 C000 0000 		.long	0xc0
 353 0094 07        		.uleb128 0x7
 354 0095 0000 0000 		.long	.LASF7
 355 0099 01        		.byte	0x1
 356 009a 1A        		.byte	0x1a
 357 009b 2C00 0000 		.long	0x2c
 358 009f 0000 0000 		.long	.LLST2
 359 00a3 07        		.uleb128 0x7
 360 00a4 0000 0000 		.long	.LASF8
 361 00a8 01        		.byte	0x1
 362 00a9 1A        		.byte	0x1a
 363 00aa C000 0000 		.long	0xc0
 364 00ae 0000 0000 		.long	.LLST3
 365 00b2 08        		.uleb128 0x8
 366 00b3 6900      		.string	"i"
 367 00b5 01        		.byte	0x1
 368 00b6 1C        		.byte	0x1c
 369 00b7 2C00 0000 		.long	0x2c
 370 00bb 0000 0000 		.long	.LLST4
 371 00bf 00        		.byte	0x0
 372 00c0 09        		.uleb128 0x9
 373 00c1 02        		.byte	0x2
 374 00c2 2C00 0000 		.long	0x2c
 375 00c6 0A        		.uleb128 0xa
 376 00c7 01        		.byte	0x1
 377 00c8 0000 0000 		.long	.LASF21
 378 00cc 01        		.byte	0x1
 379 00cd 53        		.byte	0x53
 380 00ce 01        		.byte	0x1
 381 00cf 3E00 0000 		.long	0x3e
 382 00d3 0000 0000 		.long	.LFB8
 383 00d7 0000 0000 		.long	.LFE8
 384 00db 02        		.byte	0x2
 385 00dc 90        		.byte	0x90
 386 00dd 20        		.uleb128 0x20
 387 00de F700 0000 		.long	0xf7
 388 00e2 0B        		.uleb128 0xb
 389 00e3 6900      		.string	"i"
 390 00e5 01        		.byte	0x1
 391 00e6 54        		.byte	0x54
 392 00e7 2C00 0000 		.long	0x2c
 393 00eb 0C        		.uleb128 0xc
 394 00ec 0000 0000 		.long	.LASF9
 395 00f0 01        		.byte	0x1
 396 00f1 55        		.byte	0x55
 397 00f2 C000 0000 		.long	0xc0
 398 00f6 00        		.byte	0x0
 399 00f7 0D        		.uleb128 0xd
GAS LISTING C:\Users\ADMINI~1\AppData\Local\Temp/ccem5FEo.s 			page 8


 400 00f8 2C00 0000 		.long	0x2c
 401 00fc 0801 0000 		.long	0x108
 402 0100 0E        		.uleb128 0xe
 403 0101 0801 0000 		.long	0x108
 404 0105 2B01      		.word	0x12b
 405 0107 00        		.byte	0x0
 406 0108 0F        		.uleb128 0xf
 407 0109 02        		.byte	0x2
 408 010a 07        		.byte	0x7
 409 010b 10        		.uleb128 0x10
 410 010c 0000 0000 		.long	.LASF10
 411 0110 02        		.byte	0x2
 412 0111 31        		.byte	0x31
 413 0112 1801 0000 		.long	0x118
 414 0116 01        		.byte	0x1
 415 0117 01        		.byte	0x1
 416 0118 11        		.uleb128 0x11
 417 0119 F700 0000 		.long	0xf7
 418 011d 10        		.uleb128 0x10
 419 011e 0000 0000 		.long	.LASF11
 420 0122 02        		.byte	0x2
 421 0123 32        		.byte	0x32
 422 0124 2A01 0000 		.long	0x12a
 423 0128 01        		.byte	0x1
 424 0129 01        		.byte	0x1
 425 012a 11        		.uleb128 0x11
 426 012b 2C00 0000 		.long	0x2c
 427 012f 12        		.uleb128 0x12
 428 0130 0000 0000 		.long	.LASF12
 429 0134 01        		.byte	0x1
 430 0135 15        		.byte	0x15
 431 0136 F700 0000 		.long	0xf7
 432 013a 01        		.byte	0x1
 433 013b 05        		.byte	0x5
 434 013c 03        		.byte	0x3
 435 013d 0000 0000 		.long	localBuffer
 436 0141 12        		.uleb128 0x12
 437 0142 0000 0000 		.long	.LASF13
 438 0146 01        		.byte	0x1
 439 0147 16        		.byte	0x16
 440 0148 2C00 0000 		.long	0x2c
 441 014c 01        		.byte	0x1
 442 014d 05        		.byte	0x5
 443 014e 03        		.byte	0x3
 444 014f 0000 0000 		.long	localBufferLength
 445 0153 12        		.uleb128 0x12
 446 0154 0000 0000 		.long	.LASF14
 447 0158 01        		.byte	0x1
 448 0159 49        		.byte	0x49
 449 015a 3E00 0000 		.long	0x3e
 450 015e 01        		.byte	0x1
 451 015f 05        		.byte	0x5
 452 0160 03        		.byte	0x3
 453 0161 0000 0000 		.long	count
 454 0165 00        		.byte	0x0
 455               		.section	.debug_abbrev
 456 0000 01        		.uleb128 0x1
GAS LISTING C:\Users\ADMINI~1\AppData\Local\Temp/ccem5FEo.s 			page 9


 457 0001 11        		.uleb128 0x11
 458 0002 01        		.byte	0x1
 459 0003 25        		.uleb128 0x25
 460 0004 0E        		.uleb128 0xe
 461 0005 13        		.uleb128 0x13
 462 0006 0B        		.uleb128 0xb
 463 0007 03        		.uleb128 0x3
 464 0008 0E        		.uleb128 0xe
 465 0009 1B        		.uleb128 0x1b
 466 000a 0E        		.uleb128 0xe
 467 000b 11        		.uleb128 0x11
 468 000c 01        		.uleb128 0x1
 469 000d 12        		.uleb128 0x12
 470 000e 01        		.uleb128 0x1
 471 000f 10        		.uleb128 0x10
 472 0010 06        		.uleb128 0x6
 473 0011 00        		.byte	0x0
 474 0012 00        		.byte	0x0
 475 0013 02        		.uleb128 0x2
 476 0014 24        		.uleb128 0x24
 477 0015 00        		.byte	0x0
 478 0016 0B        		.uleb128 0xb
 479 0017 0B        		.uleb128 0xb
 480 0018 3E        		.uleb128 0x3e
 481 0019 0B        		.uleb128 0xb
 482 001a 03        		.uleb128 0x3
 483 001b 0E        		.uleb128 0xe
 484 001c 00        		.byte	0x0
 485 001d 00        		.byte	0x0
 486 001e 03        		.uleb128 0x3
 487 001f 16        		.uleb128 0x16
 488 0020 00        		.byte	0x0
 489 0021 03        		.uleb128 0x3
 490 0022 0E        		.uleb128 0xe
 491 0023 3A        		.uleb128 0x3a
 492 0024 0B        		.uleb128 0xb
 493 0025 3B        		.uleb128 0x3b
 494 0026 0B        		.uleb128 0xb
 495 0027 49        		.uleb128 0x49
 496 0028 13        		.uleb128 0x13
 497 0029 00        		.byte	0x0
 498 002a 00        		.byte	0x0
 499 002b 04        		.uleb128 0x4
 500 002c 24        		.uleb128 0x24
 501 002d 00        		.byte	0x0
 502 002e 0B        		.uleb128 0xb
 503 002f 0B        		.uleb128 0xb
 504 0030 3E        		.uleb128 0x3e
 505 0031 0B        		.uleb128 0xb
 506 0032 03        		.uleb128 0x3
 507 0033 08        		.uleb128 0x8
 508 0034 00        		.byte	0x0
 509 0035 00        		.byte	0x0
 510 0036 05        		.uleb128 0x5
 511 0037 2E        		.uleb128 0x2e
 512 0038 00        		.byte	0x0
 513 0039 3F        		.uleb128 0x3f
GAS LISTING C:\Users\ADMINI~1\AppData\Local\Temp/ccem5FEo.s 			page 10


 514 003a 0C        		.uleb128 0xc
 515 003b 03        		.uleb128 0x3
 516 003c 0E        		.uleb128 0xe
 517 003d 3A        		.uleb128 0x3a
 518 003e 0B        		.uleb128 0xb
 519 003f 3B        		.uleb128 0x3b
 520 0040 0B        		.uleb128 0xb
 521 0041 27        		.uleb128 0x27
 522 0042 0C        		.uleb128 0xc
 523 0043 11        		.uleb128 0x11
 524 0044 01        		.uleb128 0x1
 525 0045 12        		.uleb128 0x12
 526 0046 01        		.uleb128 0x1
 527 0047 40        		.uleb128 0x40
 528 0048 0A        		.uleb128 0xa
 529 0049 00        		.byte	0x0
 530 004a 00        		.byte	0x0
 531 004b 06        		.uleb128 0x6
 532 004c 2E        		.uleb128 0x2e
 533 004d 01        		.byte	0x1
 534 004e 3F        		.uleb128 0x3f
 535 004f 0C        		.uleb128 0xc
 536 0050 03        		.uleb128 0x3
 537 0051 0E        		.uleb128 0xe
 538 0052 3A        		.uleb128 0x3a
 539 0053 0B        		.uleb128 0xb
 540 0054 3B        		.uleb128 0x3b
 541 0055 0B        		.uleb128 0xb
 542 0056 27        		.uleb128 0x27
 543 0057 0C        		.uleb128 0xc
 544 0058 11        		.uleb128 0x11
 545 0059 01        		.uleb128 0x1
 546 005a 12        		.uleb128 0x12
 547 005b 01        		.uleb128 0x1
 548 005c 40        		.uleb128 0x40
 549 005d 0A        		.uleb128 0xa
 550 005e 01        		.uleb128 0x1
 551 005f 13        		.uleb128 0x13
 552 0060 00        		.byte	0x0
 553 0061 00        		.byte	0x0
 554 0062 07        		.uleb128 0x7
 555 0063 05        		.uleb128 0x5
 556 0064 00        		.byte	0x0
 557 0065 03        		.uleb128 0x3
 558 0066 0E        		.uleb128 0xe
 559 0067 3A        		.uleb128 0x3a
 560 0068 0B        		.uleb128 0xb
 561 0069 3B        		.uleb128 0x3b
 562 006a 0B        		.uleb128 0xb
 563 006b 49        		.uleb128 0x49
 564 006c 13        		.uleb128 0x13
 565 006d 02        		.uleb128 0x2
 566 006e 06        		.uleb128 0x6
 567 006f 00        		.byte	0x0
 568 0070 00        		.byte	0x0
 569 0071 08        		.uleb128 0x8
 570 0072 34        		.uleb128 0x34
GAS LISTING C:\Users\ADMINI~1\AppData\Local\Temp/ccem5FEo.s 			page 11


 571 0073 00        		.byte	0x0
 572 0074 03        		.uleb128 0x3
 573 0075 08        		.uleb128 0x8
 574 0076 3A        		.uleb128 0x3a
 575 0077 0B        		.uleb128 0xb
 576 0078 3B        		.uleb128 0x3b
 577 0079 0B        		.uleb128 0xb
 578 007a 49        		.uleb128 0x49
 579 007b 13        		.uleb128 0x13
 580 007c 02        		.uleb128 0x2
 581 007d 06        		.uleb128 0x6
 582 007e 00        		.byte	0x0
 583 007f 00        		.byte	0x0
 584 0080 09        		.uleb128 0x9
 585 0081 0F        		.uleb128 0xf
 586 0082 00        		.byte	0x0
 587 0083 0B        		.uleb128 0xb
 588 0084 0B        		.uleb128 0xb
 589 0085 49        		.uleb128 0x49
 590 0086 13        		.uleb128 0x13
 591 0087 00        		.byte	0x0
 592 0088 00        		.byte	0x0
 593 0089 0A        		.uleb128 0xa
 594 008a 2E        		.uleb128 0x2e
 595 008b 01        		.byte	0x1
 596 008c 3F        		.uleb128 0x3f
 597 008d 0C        		.uleb128 0xc
 598 008e 03        		.uleb128 0x3
 599 008f 0E        		.uleb128 0xe
 600 0090 3A        		.uleb128 0x3a
 601 0091 0B        		.uleb128 0xb
 602 0092 3B        		.uleb128 0x3b
 603 0093 0B        		.uleb128 0xb
 604 0094 27        		.uleb128 0x27
 605 0095 0C        		.uleb128 0xc
 606 0096 49        		.uleb128 0x49
 607 0097 13        		.uleb128 0x13
 608 0098 11        		.uleb128 0x11
 609 0099 01        		.uleb128 0x1
 610 009a 12        		.uleb128 0x12
 611 009b 01        		.uleb128 0x1
 612 009c 40        		.uleb128 0x40
 613 009d 0A        		.uleb128 0xa
 614 009e 01        		.uleb128 0x1
 615 009f 13        		.uleb128 0x13
 616 00a0 00        		.byte	0x0
 617 00a1 00        		.byte	0x0
 618 00a2 0B        		.uleb128 0xb
 619 00a3 34        		.uleb128 0x34
 620 00a4 00        		.byte	0x0
 621 00a5 03        		.uleb128 0x3
 622 00a6 08        		.uleb128 0x8
 623 00a7 3A        		.uleb128 0x3a
 624 00a8 0B        		.uleb128 0xb
 625 00a9 3B        		.uleb128 0x3b
 626 00aa 0B        		.uleb128 0xb
 627 00ab 49        		.uleb128 0x49
GAS LISTING C:\Users\ADMINI~1\AppData\Local\Temp/ccem5FEo.s 			page 12


 628 00ac 13        		.uleb128 0x13
 629 00ad 00        		.byte	0x0
 630 00ae 00        		.byte	0x0
 631 00af 0C        		.uleb128 0xc
 632 00b0 34        		.uleb128 0x34
 633 00b1 00        		.byte	0x0
 634 00b2 03        		.uleb128 0x3
 635 00b3 0E        		.uleb128 0xe
 636 00b4 3A        		.uleb128 0x3a
 637 00b5 0B        		.uleb128 0xb
 638 00b6 3B        		.uleb128 0x3b
 639 00b7 0B        		.uleb128 0xb
 640 00b8 49        		.uleb128 0x49
 641 00b9 13        		.uleb128 0x13
 642 00ba 00        		.byte	0x0
 643 00bb 00        		.byte	0x0
 644 00bc 0D        		.uleb128 0xd
 645 00bd 01        		.uleb128 0x1
 646 00be 01        		.byte	0x1
 647 00bf 49        		.uleb128 0x49
 648 00c0 13        		.uleb128 0x13
 649 00c1 01        		.uleb128 0x1
 650 00c2 13        		.uleb128 0x13
 651 00c3 00        		.byte	0x0
 652 00c4 00        		.byte	0x0
 653 00c5 0E        		.uleb128 0xe
 654 00c6 21        		.uleb128 0x21
 655 00c7 00        		.byte	0x0
 656 00c8 49        		.uleb128 0x49
 657 00c9 13        		.uleb128 0x13
 658 00ca 2F        		.uleb128 0x2f
 659 00cb 05        		.uleb128 0x5
 660 00cc 00        		.byte	0x0
 661 00cd 00        		.byte	0x0
 662 00ce 0F        		.uleb128 0xf
 663 00cf 24        		.uleb128 0x24
 664 00d0 00        		.byte	0x0
 665 00d1 0B        		.uleb128 0xb
 666 00d2 0B        		.uleb128 0xb
 667 00d3 3E        		.uleb128 0x3e
 668 00d4 0B        		.uleb128 0xb
 669 00d5 00        		.byte	0x0
 670 00d6 00        		.byte	0x0
 671 00d7 10        		.uleb128 0x10
 672 00d8 34        		.uleb128 0x34
 673 00d9 00        		.byte	0x0
 674 00da 03        		.uleb128 0x3
 675 00db 0E        		.uleb128 0xe
 676 00dc 3A        		.uleb128 0x3a
 677 00dd 0B        		.uleb128 0xb
 678 00de 3B        		.uleb128 0x3b
 679 00df 0B        		.uleb128 0xb
 680 00e0 49        		.uleb128 0x49
 681 00e1 13        		.uleb128 0x13
 682 00e2 3F        		.uleb128 0x3f
 683 00e3 0C        		.uleb128 0xc
 684 00e4 3C        		.uleb128 0x3c
GAS LISTING C:\Users\ADMINI~1\AppData\Local\Temp/ccem5FEo.s 			page 13


 685 00e5 0C        		.uleb128 0xc
 686 00e6 00        		.byte	0x0
 687 00e7 00        		.byte	0x0
 688 00e8 11        		.uleb128 0x11
 689 00e9 35        		.uleb128 0x35
 690 00ea 00        		.byte	0x0
 691 00eb 49        		.uleb128 0x49
 692 00ec 13        		.uleb128 0x13
 693 00ed 00        		.byte	0x0
 694 00ee 00        		.byte	0x0
 695 00ef 12        		.uleb128 0x12
 696 00f0 34        		.uleb128 0x34
 697 00f1 00        		.byte	0x0
 698 00f2 03        		.uleb128 0x3
 699 00f3 0E        		.uleb128 0xe
 700 00f4 3A        		.uleb128 0x3a
 701 00f5 0B        		.uleb128 0xb
 702 00f6 3B        		.uleb128 0x3b
 703 00f7 0B        		.uleb128 0xb
 704 00f8 49        		.uleb128 0x49
 705 00f9 13        		.uleb128 0x13
 706 00fa 3F        		.uleb128 0x3f
 707 00fb 0C        		.uleb128 0xc
 708 00fc 02        		.uleb128 0x2
 709 00fd 0A        		.uleb128 0xa
 710 00fe 00        		.byte	0x0
 711 00ff 00        		.byte	0x0
 712 0100 00        		.byte	0x0
 713               		.section	.debug_pubnames,"",@progbits
 714 0000 6C00 0000 		.long	0x6c
 715 0004 0200      		.word	0x2
 716 0006 0000 0000 		.long	.Ldebug_info0
 717 000a 6601 0000 		.long	0x166
 718 000e 6800 0000 		.long	0x68
 719 0012 626C 696E 		.string	"blink"
 719      6B00 
 720 0018 7C00 0000 		.long	0x7c
 721 001c 6932 6353 		.string	"i2cSlaveReceiveService"
 721      6C61 7665 
 721      5265 6365 
 721      6976 6553 
 721      6572 7669 
 722 0033 C600 0000 		.long	0xc6
 723 0037 6D61 696E 		.string	"main"
 723      00
 724 003c 2F01 0000 		.long	0x12f
 725 0040 6C6F 6361 		.string	"localBuffer"
 725      6C42 7566 
 725      6665 7200 
 726 004c 4101 0000 		.long	0x141
 727 0050 6C6F 6361 		.string	"localBufferLength"
 727      6C42 7566 
 727      6665 724C 
 727      656E 6774 
 727      6800 
 728 0062 5301 0000 		.long	0x153
 729 0066 636F 756E 		.string	"count"
GAS LISTING C:\Users\ADMINI~1\AppData\Local\Temp/ccem5FEo.s 			page 14


 729      7400 
 730 006c 0000 0000 		.long	0x0
 731               		.section	.debug_aranges,"",@progbits
 732 0000 1C00 0000 		.long	0x1c
 733 0004 0200      		.word	0x2
 734 0006 0000 0000 		.long	.Ldebug_info0
 735 000a 04        		.byte	0x4
 736 000b 00        		.byte	0x0
 737 000c 0000      		.word	0x0
 738 000e 0000      		.word	0x0
 739 0010 0000 0000 		.long	.Ltext0
 740 0014 A800 0000 		.long	.Letext0-.Ltext0
 741 0018 0000 0000 		.long	0x0
 742 001c 0000 0000 		.long	0x0
 743               		.section	.debug_line
 744 0000 6401 0000 		.long	.LELT0-.LSLT0
 745               	.LSLT0:
 746 0004 0200      		.word	0x2
 747 0006 6200 0000 		.long	.LELTP0-.LASLTP0
 748               	.LASLTP0:
 749 000a 01        		.byte	0x1
 750 000b 01        		.byte	0x1
 751 000c F6        		.byte	0xf6
 752 000d F5        		.byte	0xf5
 753 000e 0A        		.byte	0xa
 754 000f 00        		.byte	0x0
 755 0010 01        		.byte	0x1
 756 0011 01        		.byte	0x1
 757 0012 01        		.byte	0x1
 758 0013 01        		.byte	0x1
 759 0014 00        		.byte	0x0
 760 0015 00        		.byte	0x0
 761 0016 00        		.byte	0x0
 762 0017 01        		.byte	0x1
 763 0018 633A 2F77 		.ascii	"c:/winavr-20100110/lib/gcc/../../avr/include"
 763      696E 6176 
 763      722D 3230 
 763      3130 3031 
 763      3130 2F6C 
 764 0044 00        		.byte	0
 765 0045 00        		.byte	0x0
 766 0046 6D61 696E 		.string	"main.c"
 766      2E63 00
 767 004d 00        		.uleb128 0x0
 768 004e 00        		.uleb128 0x0
 769 004f 00        		.uleb128 0x0
 770 0050 6932 632D 		.string	"i2c-slave.h"
 770      736C 6176 
 770      652E 6800 
 771 005c 00        		.uleb128 0x0
 772 005d 00        		.uleb128 0x0
 773 005e 00        		.uleb128 0x0
 774 005f 7374 6469 		.string	"stdint.h"
 774      6E74 2E68 
 774      00
 775 0068 01        		.uleb128 0x1
 776 0069 00        		.uleb128 0x0
GAS LISTING C:\Users\ADMINI~1\AppData\Local\Temp/ccem5FEo.s 			page 15


 777 006a 00        		.uleb128 0x0
 778 006b 00        		.byte	0x0
 779               	.LELTP0:
 780 006c 00        		.byte	0x0
 781 006d 05        		.uleb128 0x5
 782 006e 02        		.byte	0x2
 783 006f 0000 0000 		.long	.LM1
 784 0073 5D        		.byte	0x5d
 785 0074 00        		.byte	0x0
 786 0075 05        		.uleb128 0x5
 787 0076 02        		.byte	0x2
 788 0077 0000 0000 		.long	.LM2
 789 007b 16        		.byte	0x16
 790 007c 00        		.byte	0x0
 791 007d 05        		.uleb128 0x5
 792 007e 02        		.byte	0x2
 793 007f 0000 0000 		.long	.LM3
 794 0083 15        		.byte	0x15
 795 0084 00        		.byte	0x0
 796 0085 05        		.uleb128 0x5
 797 0086 02        		.byte	0x2
 798 0087 0000 0000 		.long	.LM4
 799 008b 15        		.byte	0x15
 800 008c 00        		.byte	0x0
 801 008d 05        		.uleb128 0x5
 802 008e 02        		.byte	0x2
 803 008f 0000 0000 		.long	.LM5
 804 0093 03        		.byte	0x3
 805 0094 4D        		.sleb128 -51
 806 0095 01        		.byte	0x1
 807 0096 00        		.byte	0x0
 808 0097 05        		.uleb128 0x5
 809 0098 02        		.byte	0x2
 810 0099 0000 0000 		.long	.LM6
 811 009d 01        		.byte	0x1
 812 009e 00        		.byte	0x0
 813 009f 05        		.uleb128 0x5
 814 00a0 02        		.byte	0x2
 815 00a1 0000 0000 		.long	.LM7
 816 00a5 39        		.byte	0x39
 817 00a6 00        		.byte	0x0
 818 00a7 05        		.uleb128 0x5
 819 00a8 02        		.byte	0x2
 820 00a9 0000 0000 		.long	.LM8
 821 00ad 12        		.byte	0x12
 822 00ae 00        		.byte	0x0
 823 00af 05        		.uleb128 0x5
 824 00b0 02        		.byte	0x2
 825 00b1 0000 0000 		.long	.LM9
 826 00b5 18        		.byte	0x18
 827 00b6 00        		.byte	0x0
 828 00b7 05        		.uleb128 0x5
 829 00b8 02        		.byte	0x2
 830 00b9 0000 0000 		.long	.LM10
 831 00bd 16        		.byte	0x16
 832 00be 00        		.byte	0x0
 833 00bf 05        		.uleb128 0x5
GAS LISTING C:\Users\ADMINI~1\AppData\Local\Temp/ccem5FEo.s 			page 16


 834 00c0 02        		.byte	0x2
 835 00c1 0000 0000 		.long	.LM11
 836 00c5 15        		.byte	0x15
 837 00c6 00        		.byte	0x0
 838 00c7 05        		.uleb128 0x5
 839 00c8 02        		.byte	0x2
 840 00c9 0000 0000 		.long	.LM12
 841 00cd 22        		.byte	0x22
 842 00ce 00        		.byte	0x0
 843 00cf 05        		.uleb128 0x5
 844 00d0 02        		.byte	0x2
 845 00d1 0000 0000 		.long	.LM13
 846 00d5 17        		.byte	0x17
 847 00d6 00        		.byte	0x0
 848 00d7 05        		.uleb128 0x5
 849 00d8 02        		.byte	0x2
 850 00d9 0000 0000 		.long	.LM14
 851 00dd 15        		.byte	0x15
 852 00de 00        		.byte	0x0
 853 00df 05        		.uleb128 0x5
 854 00e0 02        		.byte	0x2
 855 00e1 0000 0000 		.long	.LM15
 856 00e5 16        		.byte	0x16
 857 00e6 00        		.byte	0x0
 858 00e7 05        		.uleb128 0x5
 859 00e8 02        		.byte	0x2
 860 00e9 0000 0000 		.long	.LM16
 861 00ed 15        		.byte	0x15
 862 00ee 00        		.byte	0x0
 863 00ef 05        		.uleb128 0x5
 864 00f0 02        		.byte	0x2
 865 00f1 0000 0000 		.long	.LM17
 866 00f5 19        		.byte	0x19
 867 00f6 00        		.byte	0x0
 868 00f7 05        		.uleb128 0x5
 869 00f8 02        		.byte	0x2
 870 00f9 0000 0000 		.long	.LM18
 871 00fd 16        		.byte	0x16
 872 00fe 00        		.byte	0x0
 873 00ff 05        		.uleb128 0x5
 874 0100 02        		.byte	0x2
 875 0101 0000 0000 		.long	.LM19
 876 0105 16        		.byte	0x16
 877 0106 00        		.byte	0x0
 878 0107 05        		.uleb128 0x5
 879 0108 02        		.byte	0x2
 880 0109 0000 0000 		.long	.LM20
 881 010d 15        		.byte	0x15
 882 010e 00        		.byte	0x0
 883 010f 05        		.uleb128 0x5
 884 0110 02        		.byte	0x2
 885 0111 0000 0000 		.long	.LM21
 886 0115 1B        		.byte	0x1b
 887 0116 00        		.byte	0x0
 888 0117 05        		.uleb128 0x5
 889 0118 02        		.byte	0x2
 890 0119 0000 0000 		.long	.LM22
GAS LISTING C:\Users\ADMINI~1\AppData\Local\Temp/ccem5FEo.s 			page 17


 891 011d 12        		.byte	0x12
 892 011e 00        		.byte	0x0
 893 011f 05        		.uleb128 0x5
 894 0120 02        		.byte	0x2
 895 0121 0000 0000 		.long	.LM23
 896 0125 15        		.byte	0x15
 897 0126 00        		.byte	0x0
 898 0127 05        		.uleb128 0x5
 899 0128 02        		.byte	0x2
 900 0129 0000 0000 		.long	.LM24
 901 012d 15        		.byte	0x15
 902 012e 00        		.byte	0x0
 903 012f 05        		.uleb128 0x5
 904 0130 02        		.byte	0x2
 905 0131 0000 0000 		.long	.LM25
 906 0135 10        		.byte	0x10
 907 0136 00        		.byte	0x0
 908 0137 05        		.uleb128 0x5
 909 0138 02        		.byte	0x2
 910 0139 0000 0000 		.long	.LM26
 911 013d 1A        		.byte	0x1a
 912 013e 00        		.byte	0x0
 913 013f 05        		.uleb128 0x5
 914 0140 02        		.byte	0x2
 915 0141 0000 0000 		.long	.LM27
 916 0145 1B        		.byte	0x1b
 917 0146 00        		.byte	0x0
 918 0147 05        		.uleb128 0x5
 919 0148 02        		.byte	0x2
 920 0149 0000 0000 		.long	.LM28
 921 014d 16        		.byte	0x16
 922 014e 00        		.byte	0x0
 923 014f 05        		.uleb128 0x5
 924 0150 02        		.byte	0x2
 925 0151 0000 0000 		.long	.LM29
 926 0155 19        		.byte	0x19
 927 0156 00        		.byte	0x0
 928 0157 05        		.uleb128 0x5
 929 0158 02        		.byte	0x2
 930 0159 0000 0000 		.long	.LM30
 931 015d 19        		.byte	0x19
 932 015e 00        		.byte	0x0
 933 015f 05        		.uleb128 0x5
 934 0160 02        		.byte	0x2
 935 0161 0000 0000 		.long	.Letext0
 936 0165 00        		.byte	0x0
 937 0166 01        		.uleb128 0x1
 938 0167 01        		.byte	0x1
 939               	.LELT0:
 940 0168 1600 0000 		.section	.debug_str,"MS",@progbits,1
 940      0200 1000 
 940      0000 0101 
 940      FB0E 0A00 
 940      0101 0101 
 941               	.LASF19:
 942 0000 626C 696E 		.string	"blink"
 942      6B00 
GAS LISTING C:\Users\ADMINI~1\AppData\Local\Temp/ccem5FEo.s 			page 18


 943               	.LASF14:
 944 0006 636F 756E 		.string	"count"
 944      7400 
 945               	.LASF11:
 946 000c 6932 635F 		.string	"i2c_wrlen"
 946      7772 6C65 
 946      6E00 
 947               	.LASF1:
 948 0016 756E 7369 		.string	"unsigned char"
 948      676E 6564 
 948      2063 6861 
 948      7200 
 949               	.LASF20:
 950 0024 6932 6353 		.string	"i2cSlaveReceiveService"
 950      6C61 7665 
 950      5265 6365 
 950      6976 6553 
 950      6572 7669 
 951               	.LASF4:
 952 003b 6C6F 6E67 		.string	"long unsigned int"
 952      2075 6E73 
 952      6967 6E65 
 952      6420 696E 
 952      7400 
 953               	.LASF15:
 954 004d 474E 5520 		.string	"GNU C 4.3.3"
 954      4320 342E 
 954      332E 3300 
 955               	.LASF21:
 956 0059 6D61 696E 		.string	"main"
 956      00
 957               	.LASF10:
 958 005e 6932 635F 		.string	"i2c_wrbuf"
 958      7772 6275 
 958      6600 
 959               	.LASF17:
 960 0068 5A3A 5C44 		.string	"Z:\\Documents\\GitHub\\l3\\source\\ps2avrGB_attiny\\i2cReceiver"
 960      6F63 756D 
 960      656E 7473 
 960      5C47 6974 
 960      4875 625C 
 961               	.LASF2:
 962 00a2 756E 7369 		.string	"unsigned int"
 962      676E 6564 
 962      2069 6E74 
 962      00
 963               	.LASF6:
 964 00af 6C6F 6E67 		.string	"long long unsigned int"
 964      206C 6F6E 
 964      6720 756E 
 964      7369 676E 
 964      6564 2069 
 965               	.LASF18:
 966 00c6 7569 6E74 		.string	"uint8_t"
 966      385F 7400 
 967               	.LASF8:
 968 00ce 7265 6365 		.string	"receiveData"
GAS LISTING C:\Users\ADMINI~1\AppData\Local\Temp/ccem5FEo.s 			page 19


 968      6976 6544 
 968      6174 6100 
 969               	.LASF13:
 970 00da 6C6F 6361 		.string	"localBufferLength"
 970      6C42 7566 
 970      6665 724C 
 970      656E 6774 
 970      6800 
 971               	.LASF5:
 972 00ec 6C6F 6E67 		.string	"long long int"
 972      206C 6F6E 
 972      6720 696E 
 972      7400 
 973               	.LASF16:
 974 00fa 6D61 696E 		.string	"main.c"
 974      2E63 00
 975               	.LASF9:
 976 0101 7054 6D70 		.string	"pTmp"
 976      00
 977               	.LASF12:
 978 0106 6C6F 6361 		.string	"localBuffer"
 978      6C42 7566 
 978      6665 7200 
 979               	.LASF3:
 980 0112 6C6F 6E67 		.string	"long int"
 980      2069 6E74 
 980      00
 981               	.LASF7:
 982 011b 7265 6365 		.string	"receiveDataLength"
 982      6976 6544 
 982      6174 614C 
 982      656E 6774 
 982      6800 
 983               	.LASF0:
 984 012d 7369 676E 		.string	"signed char"
 984      6564 2063 
 984      6861 7200 
 985               	.global __do_copy_data
 986               	.global __do_clear_bss
GAS LISTING C:\Users\ADMINI~1\AppData\Local\Temp/ccem5FEo.s 			page 20


DEFINED SYMBOLS
                            *ABS*:00000000 main.c
C:\Users\ADMINI~1\AppData\Local\Temp/ccem5FEo.s:2      *ABS*:0000003f __SREG__
C:\Users\ADMINI~1\AppData\Local\Temp/ccem5FEo.s:3      *ABS*:0000003e __SP_H__
C:\Users\ADMINI~1\AppData\Local\Temp/ccem5FEo.s:4      *ABS*:0000003d __SP_L__
C:\Users\ADMINI~1\AppData\Local\Temp/ccem5FEo.s:5      *ABS*:00000034 __CCP__
C:\Users\ADMINI~1\AppData\Local\Temp/ccem5FEo.s:6      *ABS*:00000000 __tmp_reg__
C:\Users\ADMINI~1\AppData\Local\Temp/ccem5FEo.s:7      *ABS*:00000001 __zero_reg__
C:\Users\ADMINI~1\AppData\Local\Temp/ccem5FEo.s:18     .text:00000000 blink
                            *COM*:00000002 count
C:\Users\ADMINI~1\AppData\Local\Temp/ccem5FEo.s:47     .text:00000028 i2cSlaveReceiveService
                            *COM*:0000012c localBuffer
C:\Users\ADMINI~1\AppData\Local\Temp/ccem5FEo.s:167    .data:00000000 localBufferLength
C:\Users\ADMINI~1\AppData\Local\Temp/ccem5FEo.s:91     .text:00000052 main

UNDEFINED SYMBOLS
ws2812_sendarray
i2c_initialize
initWs2812
i2c_wrbuf
i2c_wrlen
i2c_message_done
__do_copy_data
__do_clear_bss
